<?xml version="1.0" encoding="UTF-8"?>
<testsuite xmlns:xsi="http://www.w3.org/2001/XMLSchema-instance" xsi:noNamespaceSchemaLocation="https://maven.apache.org/surefire/maven-surefire-plugin/xsd/surefire-test-report.xsd" name="texteditor.OpenSearchSaveTest" time="0.697" tests="3" errors="0" skipped="0" failures="0">
  <properties>
    <property name="java.specification.version" value="15"/>
    <property name="sun.cpu.isalist" value="amd64"/>
    <property name="sun.jnu.encoding" value="GBK"/>
    <property name="java.class.path" value="C:\Users\23849\Desktop\ass 1\assessment1\target\test-classes;C:\Users\23849\Desktop\ass 1\assessment1\target\classes;C:\Users\23849\.m2\repository\com\github\librepdf\openpdf\1.2.4\openpdf-1.2.4.jar;C:\Users\23849\.m2\repository\com\googlecode\juniversalchardet\juniversalchardet\1.0.3\juniversalchardet-1.0.3.jar;C:\Users\23849\.m2\repository\commons-io\commons-io\2.6\commons-io-2.6.jar;C:\Users\23849\.m2\repository\org\apache\commons\commons-compress\1.18\commons-compress-1.18.jar;C:\Users\23849\.m2\repository\org\apache\commons\commons-text\1.4\commons-text-1.4.jar;C:\Users\23849\.m2\repository\org\apache\commons\commons-lang3\3.7\commons-lang3-3.7.jar;C:\Users\23849\.m2\repository\commons-codec\commons-codec\1.11\commons-codec-1.11.jar;C:\Users\23849\.m2\repository\com\twelvemonkeys\imageio\imageio-tiff\3.4.1\imageio-tiff-3.4.1.jar;C:\Users\23849\.m2\repository\com\twelvemonkeys\imageio\imageio-core\3.4.1\imageio-core-3.4.1.jar;C:\Users\23849\.m2\repository\com\twelvemonkeys\imageio\imageio-metadata\3.4.1\imageio-metadata-3.4.1.jar;C:\Users\23849\.m2\repository\com\twelvemonkeys\common\common-lang\3.4.1\common-lang-3.4.1.jar;C:\Users\23849\.m2\repository\com\twelvemonkeys\common\common-io\3.4.1\common-io-3.4.1.jar;C:\Users\23849\.m2\repository\com\twelvemonkeys\common\common-image\3.4.1\common-image-3.4.1.jar;C:\Users\23849\.m2\repository\junit\junit\4.12\junit-4.12.jar;C:\Users\23849\.m2\repository\org\hamcrest\hamcrest-core\1.3\hamcrest-core-1.3.jar;C:\Users\23849\.m2\repository\org\junit\jupiter\junit-jupiter\5.8.1\junit-jupiter-5.8.1.jar;C:\Users\23849\.m2\repository\org\junit\jupiter\junit-jupiter-api\5.8.1\junit-jupiter-api-5.8.1.jar;C:\Users\23849\.m2\repository\org\opentest4j\opentest4j\1.2.0\opentest4j-1.2.0.jar;C:\Users\23849\.m2\repository\org\junit\platform\junit-platform-commons\1.8.1\junit-platform-commons-1.8.1.jar;C:\Users\23849\.m2\repository\org\apiguardian\apiguardian-api\1.1.2\apiguardian-api-1.1.2.jar;C:\Users\23849\.m2\repository\org\junit\jupiter\junit-jupiter-params\5.8.1\junit-jupiter-params-5.8.1.jar;C:\Users\23849\.m2\repository\org\junit\jupiter\junit-jupiter-engine\5.8.1\junit-jupiter-engine-5.8.1.jar;C:\Users\23849\.m2\repository\org\junit\platform\junit-platform-engine\1.8.1\junit-platform-engine-1.8.1.jar;C:\Users\23849\.m2\repository\org\springframework\spring-test\5.3.5\spring-test-5.3.5.jar;C:\Users\23849\.m2\repository\org\springframework\spring-core\5.3.5\spring-core-5.3.5.jar;C:\Users\23849\.m2\repository\org\springframework\spring-jcl\5.3.5\spring-jcl-5.3.5.jar;"/>
    <property name="java.vm.vendor" value="Oracle Corporation"/>
    <property name="sun.arch.data.model" value="64"/>
    <property name="user.variant" value=""/>
    <property name="java.vendor.url" value="https://java.oracle.com/"/>
    <property name="user.timezone" value="Asia/Shanghai"/>
    <property name="os.name" value="Windows 10"/>
    <property name="java.vm.specification.version" value="15"/>
    <property name="sun.java.launcher" value="SUN_STANDARD"/>
    <property name="user.country" value="CN"/>
    <property name="sun.boot.library.path" value="C:\Program Files\Java\jdk-15.0.1\bin"/>
    <property name="sun.java.command" value="C:\Users\23849\AppData\Local\Temp\surefire2751806018684652119\surefirebooter7521354448491768532.jar C:\Users\23849\AppData\Local\Temp\surefire2751806018684652119 2021-10-13T21-08-02_900-jvmRun1 surefire1374023633845817537tmp surefire_013803673445151619297tmp"/>
    <property name="jdk.debug" value="release"/>
    <property name="surefire.test.class.path" value="C:\Users\23849\Desktop\ass 1\assessment1\target\test-classes;C:\Users\23849\Desktop\ass 1\assessment1\target\classes;C:\Users\23849\.m2\repository\com\github\librepdf\openpdf\1.2.4\openpdf-1.2.4.jar;C:\Users\23849\.m2\repository\com\googlecode\juniversalchardet\juniversalchardet\1.0.3\juniversalchardet-1.0.3.jar;C:\Users\23849\.m2\repository\commons-io\commons-io\2.6\commons-io-2.6.jar;C:\Users\23849\.m2\repository\org\apache\commons\commons-compress\1.18\commons-compress-1.18.jar;C:\Users\23849\.m2\repository\org\apache\commons\commons-text\1.4\commons-text-1.4.jar;C:\Users\23849\.m2\repository\org\apache\commons\commons-lang3\3.7\commons-lang3-3.7.jar;C:\Users\23849\.m2\repository\commons-codec\commons-codec\1.11\commons-codec-1.11.jar;C:\Users\23849\.m2\repository\com\twelvemonkeys\imageio\imageio-tiff\3.4.1\imageio-tiff-3.4.1.jar;C:\Users\23849\.m2\repository\com\twelvemonkeys\imageio\imageio-core\3.4.1\imageio-core-3.4.1.jar;C:\Users\23849\.m2\repository\com\twelvemonkeys\imageio\imageio-metadata\3.4.1\imageio-metadata-3.4.1.jar;C:\Users\23849\.m2\repository\com\twelvemonkeys\common\common-lang\3.4.1\common-lang-3.4.1.jar;C:\Users\23849\.m2\repository\com\twelvemonkeys\common\common-io\3.4.1\common-io-3.4.1.jar;C:\Users\23849\.m2\repository\com\twelvemonkeys\common\common-image\3.4.1\common-image-3.4.1.jar;C:\Users\23849\.m2\repository\junit\junit\4.12\junit-4.12.jar;C:\Users\23849\.m2\repository\org\hamcrest\hamcrest-core\1.3\hamcrest-core-1.3.jar;C:\Users\23849\.m2\repository\org\junit\jupiter\junit-jupiter\5.8.1\junit-jupiter-5.8.1.jar;C:\Users\23849\.m2\repository\org\junit\jupiter\junit-jupiter-api\5.8.1\junit-jupiter-api-5.8.1.jar;C:\Users\23849\.m2\repository\org\opentest4j\opentest4j\1.2.0\opentest4j-1.2.0.jar;C:\Users\23849\.m2\repository\org\junit\platform\junit-platform-commons\1.8.1\junit-platform-commons-1.8.1.jar;C:\Users\23849\.m2\repository\org\apiguardian\apiguardian-api\1.1.2\apiguardian-api-1.1.2.jar;C:\Users\23849\.m2\repository\org\junit\jupiter\junit-jupiter-params\5.8.1\junit-jupiter-params-5.8.1.jar;C:\Users\23849\.m2\repository\org\junit\jupiter\junit-jupiter-engine\5.8.1\junit-jupiter-engine-5.8.1.jar;C:\Users\23849\.m2\repository\org\junit\platform\junit-platform-engine\1.8.1\junit-platform-engine-1.8.1.jar;C:\Users\23849\.m2\repository\org\springframework\spring-test\5.3.5\spring-test-5.3.5.jar;C:\Users\23849\.m2\repository\org\springframework\spring-core\5.3.5\spring-core-5.3.5.jar;C:\Users\23849\.m2\repository\org\springframework\spring-jcl\5.3.5\spring-jcl-5.3.5.jar;"/>
    <property name="sun.cpu.endian" value="little"/>
    <property name="user.home" value="C:\Users\23849"/>
    <property name="user.language" value="zh"/>
    <property name="java.specification.vendor" value="Oracle Corporation"/>
    <property name="java.version.date" value="2020-10-20"/>
    <property name="java.home" value="C:\Program Files\Java\jdk-15.0.1"/>
    <property name="file.separator" value="\"/>
    <property name="basedir" value="C:\Users\23849\Desktop\ass 1\assessment1"/>
    <property name="java.vm.compressedOopsMode" value="Zero based"/>
    <property name="line.separator" value="&#10;"/>
    <property name="java.vm.specification.vendor" value="Oracle Corporation"/>
    <property name="java.specification.name" value="Java Platform API Specification"/>
    <property name="java.awt.headless" value="false"/>
    <property name="surefire.real.class.path" value="C:\Users\23849\AppData\Local\Temp\surefire2751806018684652119\surefirebooter7521354448491768532.jar"/>
    <property name="user.script" value=""/>
    <property name="sun.management.compiler" value="HotSpot 64-Bit Tiered Compilers"/>
    <property name="java.runtime.version" value="15.0.1+9-18"/>
    <property name="user.name" value="23849"/>
    <property name="path.separator" value=";"/>
    <property name="os.version" value="10.0"/>
    <property name="java.runtime.name" value="Java(TM) SE Runtime Environment"/>
    <property name="file.encoding" value="GBK"/>
    <property name="java.vm.name" value="Java HotSpot(TM) 64-Bit Server VM"/>
    <property name="localRepository" value="C:\Users\23849\.m2\repository"/>
    <property name="java.vendor.url.bug" value="https://bugreport.java.com/bugreport/"/>
    <property name="java.io.tmpdir" value="C:\Users\23849\AppData\Local\Temp\"/>
    <property name="java.version" value="15.0.1"/>
    <property name="user.dir" value="C:\Users\23849\Desktop\ass 1\assessment1"/>
    <property name="os.arch" value="amd64"/>
    <property name="java.vm.specification.name" value="Java Virtual Machine Specification"/>
    <property name="sun.os.patch.level" value=""/>
    <property name="java.library.path" value="C:\Program Files\Java\jdk-15.0.1\bin;C:\WINDOWS\Sun\Java\bin;C:\WINDOWS\system32;C:\WINDOWS;C:\Users\23849\bin;E:\Git\Git\mingw64\bin;E:\Git\Git\usr\local\bin;E:\Git\Git\usr\bin;E:\Git\Git\usr\bin;E:\Git\Git\mingw64\bin;E:\Git\Git\usr\bin;C:\Users\23849\bin;C:\Program Files\NVIDIA GPU Computing Toolkit\CUDA\v10.0\bin;C:\Program Files\NVIDIA GPU Computing Toolkit\CUDA\v10.0\libnvvp;C:\Program Files\Java\jdk-15.0.1\bin;C:\Program Files\Java\jdk-15.0.1\jre\bin;C:\ProgramData\Oracle\Java\javapath;C:\Users\23849\Mysql\mysql-5.7.32-winx64\bin;C:\Program Files\Common Files\Oracle\Java\javapath;C:\Users\23849\Anaconda3\pkgs\python-3.5.6-he025d50_0\Scripts;?C;E:\Git\Git\Users\23849\Anaconda3\pkgs\python-3.5.6-he025d50_0;C:\Windows\system32;C:\Windows;C:\Windows\System32\Wbem;C:\Windows\System32\WindowsPowerShell\v1.0;C:\Windows\System32\OpenSSH;C:\Program Files (x86)\NVIDIA Corporation\PhysX\Common;C:\Program Files\NVIDIA Corporation\NVIDIA NvDLISR;C:\WINDOWS\system32;C:\WINDOWS;C:\WINDOWS\System32\Wbem;C:\WINDOWS\System32\WindowsPowerShell\v1.0;C:\WINDOWS\System32\OpenSSH;C:\Program Files\nodejs\node_global;.;% ANDROID_SDK_HOME%\platform-tools;% ANDROID_SDK_HOME%\tools&quot;;D:\Maven\apache-maven-3.6.3\bin;E:\Git\Git\cmd;E:\android\Sdk\platform-tools;E:\SVN\bin;C:\Program Files\Java\jdk-15.0.1\bin;C:\Program Files\Java\jdk-15.0.1\jre\bin;E:\maven\apache-maven-3.8.2\bin;C:\Users\23849\AppData\Local\Programs\Python\Python37\Scripts;C:\Users\23849\AppData\Local\Programs\Python\Python37;C:\ana3;C:\ana3\Scripts;C:\ana3\Library\bin;C:\Users\23849\Anaconda3;C:\Users\23849\Anaconda3\Scripts;C:\Users\23849\Anaconda3\Library\bin;D:\an    20210126;D:\an    20210126\Library\mingw-w64\bin;D:\an    20210126\Library\usr\bin;D:\an    20210126\Library\bin;D:\an    20210126\Scripts;C:\Users\23849\Mysql\mysql-5.7.32-winx64\bin;C:\Users\23849\AppData\Local\Microsoft\WindowsApps;C:\Users\23849\IDEA-JAVA\IntelliJ IDEA Community Edition 2020.3\bin;%ANDROID_SDK_HOME%\platform-tools;%ANDROID_SDK_HOME%\tools;E:\vscode\Microsoft VS Code\bin;E:\Git\Git\usr\bin\vendor_perl;E:\Git\Git\usr\bin\core_perl;."/>
    <property name="java.vm.info" value="mixed mode, sharing"/>
    <property name="java.vendor" value="Oracle Corporation"/>
    <property name="java.vm.version" value="15.0.1+9-18"/>
    <property name="sun.io.unicode.encoding" value="UnicodeLittle"/>
    <property name="java.class.version" value="59.0"/>
  </properties>
  <testcase name="search" classname="texteditor.OpenSearchSaveTest" time="0.625"/>
  <testcase name="open" classname="texteditor.OpenSearchSaveTest" time="0.028"/>
  <testcase name="save" classname="texteditor.OpenSearchSaveTest" time="0.037"/>
</testsuite>